<?xml version="1.0" encoding="UTF-8"?>
<!-- Generated by org.testng.reporters.JUnitReportReporter -->
<testsuite hostname="RSI1587" failures="0" tests="1" name="br.com.rsinet.HUB_TDD.testenegativo.CadastroTesteNegativo" time="15.598" errors="0" timestamp="2020-01-20T13:40:45 BRT" skipped="0">
  <testcase classname="br.com.rsinet.HUB_TDD.testenegativo.CadastroTesteNegativo" name="RealizarCadastro" time="15.598"/>
</testsuite> <!-- br.com.rsinet.HUB_TDD.testenegativo.CadastroTesteNegativo -->
