<?xml version="1.0" encoding="UTF-8"?>
<!-- Generated by org.testng.reporters.JUnitReportReporter -->
<testsuite hostname="RSI1587" failures="0" tests="1" name="br.com.rsinet.HUB_TDD.buscaLupa.TerceiraEtapa" time="15.117" errors="0" timestamp="2020-01-16T13:23:49 BRT" skipped="0">
  <testcase classname="br.com.rsinet.HUB_TDD.buscaLupa.TerceiraEtapa" name="ProcurarItem" time="15.117"/>
</testsuite> <!-- br.com.rsinet.HUB_TDD.buscaLupa.TerceiraEtapa -->
