<?xml version="1.0" encoding="UTF-8"?>
<!-- Generated by org.testng.reporters.JUnitReportReporter -->
<testsuite hostname="RSI1587" failures="0" tests="1" name="br.com.rsinet.HUB_TDD.PrimeiraEtapa" time="25.906" errors="0" timestamp="2020-01-15T19:36:19 BRT" skipped="0">
  <testcase classname="br.com.rsinet.HUB_TDD.PrimeiraEtapa" name="AbrirMenuCadastro" time="25.906"/>
</testsuite> <!-- br.com.rsinet.HUB_TDD.PrimeiraEtapa -->
