<?xml version="1.0" encoding="UTF-8"?>
<!-- Generated by org.testng.reporters.JUnitReportReporter -->
<testsuite hostname="RSI1587" failures="0" tests="3" name="br.com.rsinet.HUB_TDD.testenegativo.buscaLupa.TerceiraEtapaNegativo" time="13.323" errors="0" timestamp="2020-01-14T15:50:03 BRT" skipped="0">
  <testcase classname="br.com.rsinet.HUB_TDD.testenegativo.buscaLupa.TerceiraEtapaNegativo" name="AbrirNavegador" time="10.739"/>
  <testcase classname="br.com.rsinet.HUB_TDD.testenegativo.buscaLupa.TerceiraEtapaNegativo" name="ProcurarItem" time="1.896"/>
  <testcase classname="br.com.rsinet.HUB_TDD.testenegativo.buscaLupa.TerceiraEtapaNegativo" name="UsoAssert" time="0.688"/>
</testsuite> <!-- br.com.rsinet.HUB_TDD.testenegativo.buscaLupa.TerceiraEtapaNegativo -->
