<?xml version="1.0" encoding="UTF-8"?>
<!-- Generated by org.testng.reporters.JUnitReportReporter -->
<testsuite hostname="RSI1587" failures="0" tests="1" name="br.com.rsinet.HUB_TDD.BuscaPelaPaginaInicial" time="13.726" errors="0" timestamp="2020-01-27T09:41:55 BRT" skipped="0">
  <testcase classname="br.com.rsinet.HUB_TDD.BuscaPelaPaginaInicial" name="EscolherProduto" time="13.726"/>
</testsuite> <!-- br.com.rsinet.HUB_TDD.BuscaPelaPaginaInicial -->
