<?xml version="1.0" encoding="UTF-8"?>
<!-- Generated by org.testng.reporters.JUnitReportReporter -->
<testsuite hostname="RSI1587" failures="0" tests="2" name="br.com.rsinet.HUB_TDD.testeNormal.CadastrarUsuario" time="67.245" errors="0" timestamp="2020-03-17T10:08:19 GMT-03:00" skipped="0">
  <testcase classname="br.com.rsinet.HUB_TDD.testeNormal.CadastrarUsuario" name="Cadastro2" time="32.092"/>
  <testcase classname="br.com.rsinet.HUB_TDD.testeNormal.CadastrarUsuario" name="Cadastro1" time="35.153"/>
</testsuite> <!-- br.com.rsinet.HUB_TDD.testeNormal.CadastrarUsuario -->
