<?xml version="1.0" encoding="UTF-8"?>
<!-- Generated by org.testng.reporters.JUnitReportReporter -->
<testsuite hostname="RSI1587" failures="0" tests="4" name="br.com.rsinet.HUB_TDD.PrimeiraEtapa" time="15.490" errors="0" timestamp="2020-01-14T15:12:45 BRT" skipped="0">
  <testcase classname="br.com.rsinet.HUB_TDD.PrimeiraEtapa" name="AbrirNavegador" time="11.665"/>
  <testcase classname="br.com.rsinet.HUB_TDD.PrimeiraEtapa" name="AbrirMenuCadastro" time="0.656"/>
  <testcase classname="br.com.rsinet.HUB_TDD.PrimeiraEtapa" name="RealizarCadastro" time="2.568"/>
  <testcase classname="br.com.rsinet.HUB_TDD.PrimeiraEtapa" name="FecharNavegador" time="0.601"/>
</testsuite> <!-- br.com.rsinet.HUB_TDD.PrimeiraEtapa -->
