<?xml version="1.0" encoding="UTF-8"?>
<!-- Generated by org.testng.reporters.JUnitReportReporter -->
<testsuite hostname="RSI1587" failures="0" tests="1" name="br.com.rsinet.HUB_TDD.testenegativo.PrimeiraEtapaNegativa" time="16.764" errors="0" timestamp="2020-01-14T11:35:43 BRT" skipped="0">
  <testcase classname="br.com.rsinet.HUB_TDD.testenegativo.PrimeiraEtapaNegativa" name="main" time="16.764"/>
</testsuite> <!-- br.com.rsinet.HUB_TDD.testenegativo.PrimeiraEtapaNegativa -->
