<?xml version="1.0" encoding="UTF-8"?>
<!-- Generated by org.testng.reporters.JUnitReportReporter -->
<testsuite hostname="RSI1587" failures="0" tests="1" name="br.com.rsinet.HUB_TDD.testenegativo.CadastroTesteNegativo" time="16.904" errors="0" timestamp="2020-01-27T13:25:54 BRT" skipped="0">
  <testcase classname="br.com.rsinet.HUB_TDD.testenegativo.CadastroTesteNegativo" name="RealizarCadastro" time="16.904"/>
</testsuite> <!-- br.com.rsinet.HUB_TDD.testenegativo.CadastroTesteNegativo -->
