<?xml version="1.0" encoding="UTF-8"?>
<!-- Generated by org.testng.reporters.JUnitReportReporter -->
<testsuite hostname="RSI1587" failures="0" tests="1" name="br.com.rsinet.HUB_TDD.testenegativo.BuscaPelaLupaTesteNegativo" time="15.729" errors="0" timestamp="2020-01-27T12:20:43 BRT" skipped="0">
  <testcase classname="br.com.rsinet.HUB_TDD.testenegativo.BuscaPelaLupaTesteNegativo" name="ProcurarItem" time="15.729"/>
</testsuite> <!-- br.com.rsinet.HUB_TDD.testenegativo.BuscaPelaLupaTesteNegativo -->
