<?xml version="1.0" encoding="UTF-8"?>
<!-- Generated by org.testng.reporters.JUnitReportReporter -->
<testsuite hostname="RSI1587" failures="0" tests="2" name="br.com.rsinet.HUB_TDD.testeNormal.BuscaPelaLupa" time="28.247" errors="0" timestamp="2020-03-17T17:00:58 GMT-03:00" skipped="0">
  <testcase classname="br.com.rsinet.HUB_TDD.testeNormal.BuscaPelaLupa" name="ProcurarItem2" time="14.436"/>
  <testcase classname="br.com.rsinet.HUB_TDD.testeNormal.BuscaPelaLupa" name="ProcurarItem1" time="13.811"/>
</testsuite> <!-- br.com.rsinet.HUB_TDD.testeNormal.BuscaPelaLupa -->
