<?xml version="1.0" encoding="UTF-8"?>
<!-- Generated by org.testng.reporters.JUnitReportReporter -->
<testsuite hostname="RSI1587" failures="0" tests="1" name="br.com.rsinet.HUB_TDD.BuscaPelaLupa" time="17.910" errors="0" timestamp="2020-01-26T12:07:52 BRT" skipped="0">
  <testcase classname="br.com.rsinet.HUB_TDD.BuscaPelaLupa" name="ProcurarItem" time="17.910"/>
</testsuite> <!-- br.com.rsinet.HUB_TDD.BuscaPelaLupa -->
