<?xml version="1.0" encoding="UTF-8"?>
<!-- Generated by org.testng.reporters.JUnitReportReporter -->
<testsuite hostname="RSI1587" failures="0" tests="1" name="br.com.rsinet.HUB_TDD.BuscaPelaLupa" time="15.500" errors="0" timestamp="2020-01-17T11:33:49 BRT" skipped="0">
  <testcase classname="br.com.rsinet.HUB_TDD.BuscaPelaLupa" name="ProcurarItem" time="15.500"/>
</testsuite> <!-- br.com.rsinet.HUB_TDD.BuscaPelaLupa -->
