<?xml version="1.0" encoding="UTF-8"?>
<!-- Generated by org.testng.reporters.JUnitReportReporter -->
<testsuite hostname="RSI1587" failures="0" tests="1" name="br.com.rsinet.HUB_TDD.testenegativo.BuscaPelaPaginaInicialNegativo" time="17.207" errors="0" timestamp="2020-01-26T12:28:36 BRT" skipped="0">
  <testcase classname="br.com.rsinet.HUB_TDD.testenegativo.BuscaPelaPaginaInicialNegativo" name="BuscadeProduto" time="17.207"/>
</testsuite> <!-- br.com.rsinet.HUB_TDD.testenegativo.BuscaPelaPaginaInicialNegativo -->
