<?xml version="1.0" encoding="UTF-8"?>
<!-- Generated by org.testng.reporters.JUnitReportReporter -->
<testsuite hostname="RSI1587" failures="0" tests="1" name="br.com.rsinet.HUB_TDD.CadastrarUsuario" time="19.980" errors="0" timestamp="2020-01-27T09:41:13 BRT" skipped="0">
  <testcase classname="br.com.rsinet.HUB_TDD.CadastrarUsuario" name="AbrirMenuCadastro" time="19.980"/>
</testsuite> <!-- br.com.rsinet.HUB_TDD.CadastrarUsuario -->
