<?xml version="1.0" encoding="UTF-8"?>
<!-- Generated by org.testng.reporters.JUnitReportReporter -->
<testsuite hostname="RSI1587" failures="0" tests="1" name="br.com.rsinet.HUB_TDD.BuscaPelaPaginaInicial" time="16.092" errors="0" timestamp="2020-01-26T12:05:21 BRT" skipped="0">
  <testcase classname="br.com.rsinet.HUB_TDD.BuscaPelaPaginaInicial" name="EscolherProduto" time="16.092"/>
</testsuite> <!-- br.com.rsinet.HUB_TDD.BuscaPelaPaginaInicial -->
