<?xml version="1.0" encoding="UTF-8"?>
<!-- Generated by org.testng.reporters.JUnitReportReporter -->
<testsuite hostname="RSI1587" failures="0" tests="2" name="br.com.rsinet.HUB_TDD.testeNormal.CadastrarUsuario" time="57.501" errors="0" timestamp="2020-03-17T17:00:58 GMT-03:00" skipped="0">
  <testcase classname="br.com.rsinet.HUB_TDD.testeNormal.CadastrarUsuario" name="Cadastro2" time="29.057"/>
  <testcase classname="br.com.rsinet.HUB_TDD.testeNormal.CadastrarUsuario" name="Cadastro1" time="28.444"/>
</testsuite> <!-- br.com.rsinet.HUB_TDD.testeNormal.CadastrarUsuario -->
