<?xml version="1.0" encoding="UTF-8"?>
<!-- Generated by org.testng.reporters.JUnitReportReporter -->
<testsuite hostname="RSI1587" failures="0" tests="1" name="br.com.rsinet.HUB_TDD.buscaprodutopag.SegundaEtapa" time="13.847" errors="0" timestamp="2020-01-16T13:26:23 BRT" skipped="0">
  <testcase classname="br.com.rsinet.HUB_TDD.buscaprodutopag.SegundaEtapa" name="EscolherPrduto" time="13.847"/>
</testsuite> <!-- br.com.rsinet.HUB_TDD.buscaprodutopag.SegundaEtapa -->
