<?xml version="1.0" encoding="UTF-8"?>
<!-- Generated by org.testng.reporters.JUnitReportReporter -->
<testsuite hostname="RSI1587" failures="0" tests="1" name="br.com.rsinet.HUB_TDD.testenegativo.Cadastro.PrimeiraEtapaNegativa" time="16.427" errors="0" timestamp="2020-01-16T16:15:18 BRT" skipped="0">
  <testcase classname="br.com.rsinet.HUB_TDD.testenegativo.Cadastro.PrimeiraEtapaNegativa" name="RealizarCadastro" time="16.427"/>
</testsuite> <!-- br.com.rsinet.HUB_TDD.testenegativo.Cadastro.PrimeiraEtapaNegativa -->
