<?xml version="1.0" encoding="UTF-8"?>
<!-- Generated by org.testng.reporters.JUnitReportReporter -->
<testsuite hostname="RSI1587" failures="0" tests="1" name="br.com.rsinet.HUB_TDD.testenegativo.BuscaPelaLupaTesteNegativo" time="24.551" errors="0" timestamp="2020-01-26T12:43:26 BRT" skipped="0">
  <testcase classname="br.com.rsinet.HUB_TDD.testenegativo.BuscaPelaLupaTesteNegativo" name="ProcurarItem" time="24.551"/>
</testsuite> <!-- br.com.rsinet.HUB_TDD.testenegativo.BuscaPelaLupaTesteNegativo -->
