<?xml version="1.0" encoding="UTF-8"?>
<!-- Generated by org.testng.reporters.JUnitReportReporter -->
<testsuite hostname="RSI1587" failures="0" tests="3" name="br.com.rsinet.HUB_TDD.buscaprodutopag.SegundaEtapa" time="15.517" errors="0" timestamp="2020-01-14T14:08:53 BRT" skipped="0">
  <testcase classname="br.com.rsinet.HUB_TDD.buscaprodutopag.SegundaEtapa" name="AbriNavegador" time="10.569"/>
  <testcase classname="br.com.rsinet.HUB_TDD.buscaprodutopag.SegundaEtapa" name="EscolherPrduto" time="4.947"/>
  <testcase classname="br.com.rsinet.HUB_TDD.buscaprodutopag.SegundaEtapa" name="fecharNavegador" time="0.001"/>
</testsuite> <!-- br.com.rsinet.HUB_TDD.buscaprodutopag.SegundaEtapa -->
