<?xml version="1.0" encoding="UTF-8"?>
<!-- Generated by org.testng.reporters.JUnitReportReporter -->
<testsuite hostname="RSI1587" failures="0" tests="1" name="br.com.rsinet.HUB_TDD.testenegativo.BuscaPelaLupaTesteNegativo" time="14.767" errors="0" timestamp="2020-01-17T10:52:42 BRT" skipped="0">
  <testcase classname="br.com.rsinet.HUB_TDD.testenegativo.BuscaPelaLupaTesteNegativo" name="ProcurarItem" time="14.767"/>
</testsuite> <!-- br.com.rsinet.HUB_TDD.testenegativo.BuscaPelaLupaTesteNegativo -->
