<?xml version="1.0" encoding="UTF-8"?>
<!-- Generated by org.testng.reporters.JUnitReportReporter -->
<testsuite hostname="RSI1587" failures="0" tests="1" name="br.com.rsinet.HUB_TDD.testenegativo.BuscaPelaPaginaInicialNegativo" time="12.638" errors="0" timestamp="2020-01-21T12:07:55 BRT" skipped="0">
  <testcase classname="br.com.rsinet.HUB_TDD.testenegativo.BuscaPelaPaginaInicialNegativo" name="BuscadeProduto" time="12.638"/>
</testsuite> <!-- br.com.rsinet.HUB_TDD.testenegativo.BuscaPelaPaginaInicialNegativo -->
