<?xml version="1.0" encoding="UTF-8"?>
<!-- Generated by org.testng.reporters.JUnitReportReporter -->
<testsuite hostname="RSI1587" failures="0" tests="1" name="br.com.rsinet.HUB_TDD.CadastrarUsuario" time="32.527" errors="0" timestamp="2020-03-16T14:55:39 GMT-03:00" skipped="0">
  <testcase classname="br.com.rsinet.HUB_TDD.CadastrarUsuario" name="AbrirMenuCadastro" time="32.527"/>
</testsuite> <!-- br.com.rsinet.HUB_TDD.CadastrarUsuario -->
