<?xml version="1.0" encoding="UTF-8"?>
<!-- Generated by org.testng.reporters.JUnitReportReporter -->
<testsuite hostname="RSI1587" failures="0" tests="3" name="br.com.rsinet.HUB_TDD.buscaLupa.TerceiraEtapa" time="12.521" errors="0" timestamp="2020-01-14T13:16:51 BRT" skipped="0">
  <testcase classname="br.com.rsinet.HUB_TDD.buscaLupa.TerceiraEtapa" name="AbrirNavegador" time="10.530"/>
  <testcase classname="br.com.rsinet.HUB_TDD.buscaLupa.TerceiraEtapa" name="ProcurarItem" time="1.990"/>
  <testcase classname="br.com.rsinet.HUB_TDD.buscaLupa.TerceiraEtapa" name="FecharNavegador" time="0.001"/>
</testsuite> <!-- br.com.rsinet.HUB_TDD.buscaLupa.TerceiraEtapa -->
